<?xml version="1.0" encoding="UTF-8"?>
<!-- Generated by org.testng.reporters.JUnitReportReporter -->
<testsuite hostname="JIAFU-WS02" name="org.cisco.common.toolkit.org.cisco.common.toolkit.rpool.NewTest" tests="2" failures="0" timestamp="28 Aug 2013 03:16:26 GMT" time="0.002" errors="0">
  <testcase name="f" time="0.001" classname="org.cisco.common.toolkit.org.cisco.common.toolkit.rpool.NewTest"/>
  <testcase name="f2" time="0.001" classname="org.cisco.common.toolkit.org.cisco.common.toolkit.rpool.NewTest"/>
</testsuite> <!-- org.cisco.common.toolkit.org.cisco.common.toolkit.rpool.NewTest -->
