<?xml version="1.0" encoding="UTF-8"?>
<!-- Generated by org.testng.reporters.JUnitReportReporter -->
<testsuite hostname="JIAFU-WS02" name="org.cisco.common.toolkit.org.cisco.common.toolkit.rpool.TestOne" tests="2" failures="0" timestamp="28 Aug 2013 03:47:26 GMT" time="0.000" errors="0">
  <testcase name="f1" time="0.000" classname="org.cisco.common.toolkit.org.cisco.common.toolkit.rpool.TestOne"/>
  <testcase name="f2" time="0.000" classname="org.cisco.common.toolkit.org.cisco.common.toolkit.rpool.TestOne"/>
</testsuite> <!-- org.cisco.common.toolkit.org.cisco.common.toolkit.rpool.TestOne -->
